<?xml version="1.0" encoding="UTF-8"?>
<!-- Generated by org.testng.reporters.JUnitXMLReporter -->
<testsuite ignored="0" hostname="DESKTOP-SU6DE8I" failures="0" tests="17" name="Test" time="381.339" errors="0" timestamp="2024-11-21T20:24:13 EST">
  <testcase classname="SeleniumPackage1.SeleniumProject1.amz_Login_Correct_cred" name="loginToAmazon_correct_cred" time="6.042"/>
  <testcase classname="SeleniumPackage1.SeleniumProject1.amz_Login_incorrect_Cred" name="loginToAmazon_incorrect_cred" time="5.314">
    <skipped/>
  </testcase> <!-- loginToAmazon_incorrect_cred -->
  <testcase classname="SeleniumPackage1.SeleniumProject1.amz_Login_incorrect_Cred" name="loginToAmazon_incorrect_cred" time="6.62"/>
  <testcase classname="SeleniumPackage1.SeleniumProject1.Amazon_cart_withoutLogin" name="cartpage_without_login" time="10.183">
    <skipped/>
  </testcase> <!-- cartpage_without_login -->
  <testcase classname="SeleniumPackage1.SeleniumProject1.Amazon_cart_withoutLogin" name="cartpage_without_login" time="16.429"/>
  <testcase classname="SeleniumPackage1.SeleniumProject1.Amazon_searchandFiltering" name="searchingAndFiltering" time="8.034"/>
  <testcase classname="SeleniumPackage1.SeleniumProject1.Amazon_Search" name="searchItem" time="6.282"/>
  <testcase classname="SeleniumPackage1.SeleniumProject1.Amazon_Review_items" name="review_itmes" time="12.221"/>
  <testcase classname="SeleniumPackage1.SeleniumProject1.Amazon_Edit" name="EditProfile" time="13.336"/>
  <testcase classname="SeleniumPackage1.SeleniumProject1.Amazon_product_sorted" name="product_sorted" time="17.458"/>
  <testcase classname="SeleniumPackage1.SeleniumProject1.Amazon_addProducts" name="addProductsToTheCart" time="29.611"/>
  <testcase classname="SeleniumPackage1.SeleniumProject1.Amazon_product_detail" name="product_details" time="14.512"/>
  <testcase classname="SeleniumPackage1.SeleniumProject1.Amazon_addingAndRemovingItems" name="addingAndRemovingItems" time="27.029"/>
  <testcase classname="SeleniumPackage1.SeleniumProject1.Amazon_Coupon" name="couponUse" time="21.123"/>
  <testcase classname="SeleniumPackage1.SeleniumProject1.EachPaymentmethod" name="eachpaymentmethods" time="10.096">
    <skipped/>
  </testcase> <!-- eachpaymentmethods -->
  <testcase classname="SeleniumPackage1.SeleniumProject1.EachPaymentmethod" name="eachpaymentmethods" time="16.769"/>
  <testcase classname="SeleniumPackage1.SeleniumProject1.Amazon_CheckoutProcess" name="checkoutProcessMethod" time="20.003"/>
</testsuite> <!-- Test -->
