<?xml version="1.0" encoding="UTF-8"?>
<!-- Generated by org.testng.reporters.JUnitXMLReporter -->
<testsuite ignored="0" hostname="DESKTOP-SU6DE8I" failures="0" tests="14" name="Test" time="266.585" errors="0" timestamp="2024-11-22T18:42:44 EST">
  <testcase classname="SeleniumPackage1.SeleniumProject1.amz_Login_Correct_cred" name="loginToAmazon_correct_cred" time="13.162"/>
  <testcase classname="SeleniumPackage1.SeleniumProject1.amz_Login_incorrect_Cred" name="loginToAmazon_incorrect_cred" time="2.545"/>
  <testcase classname="SeleniumPackage1.SeleniumProject1.Amazon_cart_withoutLogin" name="cartpage_without_login" time="10.337"/>
  <testcase classname="SeleniumPackage1.SeleniumProject1.Amazon_searchandFiltering" name="searchingAndFiltering" time="5.309"/>
  <testcase classname="SeleniumPackage1.SeleniumProject1.Amazon_Search" name="searchItem" time="4.259"/>
  <testcase classname="SeleniumPackage1.SeleniumProject1.Amazon_Review_items" name="review_itmes" time="20.888"/>
  <testcase classname="SeleniumPackage1.SeleniumProject1.Amazon_Edit" name="EditProfile" time="12.436"/>
  <testcase classname="SeleniumPackage1.SeleniumProject1.Amazon_product_sorted" name="product_sorted" time="10.76"/>
  <testcase classname="SeleniumPackage1.SeleniumProject1.Amazon_addProducts" name="addProductsToTheCart" time="20.182"/>
  <testcase classname="SeleniumPackage1.SeleniumProject1.Amazon_product_detail" name="product_details" time="9.33"/>
  <testcase classname="SeleniumPackage1.SeleniumProject1.Amazon_addingAndRemovingItems" name="addingAndRemovingItems" time="26.253"/>
  <testcase classname="SeleniumPackage1.SeleniumProject1.Amazon_Coupon" name="couponUse" time="16.45"/>
  <testcase classname="SeleniumPackage1.SeleniumProject1.EachPaymentmethod" name="eachpaymentmethods" time="15.969"/>
  <testcase classname="SeleniumPackage1.SeleniumProject1.Amazon_CheckoutProcess" name="checkoutProcessMethod" time="15.232"/>
</testsuite> <!-- Test -->
