<?xml version="1.0" encoding="UTF-8"?>
<testsuite xmlns:xsi="http://www.w3.org/2001/XMLSchema-instance" xsi:noNamespaceSchemaLocation="https://maven.apache.org/surefire/maven-surefire-plugin/xsd/surefire-test-report-3.0.xsd" version="3.0" name="TestSuite" time="267.37" tests="14" errors="0" skipped="0" failures="0">
  <properties>
[...]
</properties>
  <testcase name="loginToAmazon_correct_cred" classname="SeleniumPackage1.SeleniumProject1.amz_Login_Correct_cred" time="14.456">
    <system-err><![CDATA[Nov 22, 2024 6:38:19 PM org.openqa.selenium.devtools.CdpVersionFinder findNearestMatch
WARNING: Unable to find an exact match for CDP version 131, returning the closest version; found: 129; Please update to a Selenium version that supports CDP version 131
ERROR StatusLogger Log4j2 could not find a logging implementation. Please add log4j-core to the classpath. Using SimpleLogger to log to the console...
]]></system-err>
  </testcase>
  <testcase name="loginToAmazon_incorrect_cred" classname="SeleniumPackage1.SeleniumProject1.amz_Login_incorrect_Cred" time="3.353">
    <system-err><![CDATA[Nov 22, 2024 6:38:39 PM org.openqa.selenium.devtools.CdpVersionFinder findNearestMatch
WARNING: Unable to find an exact match for CDP version 131, returning the closest version; found: 129; Please update to a Selenium version that supports CDP version 131
]]></system-err>
  </testcase>
  <testcase name="cartpage_without_login" classname="SeleniumPackage1.SeleniumProject1.Amazon_cart_withoutLogin" time="10.633">
    <system-err><![CDATA[Nov 22, 2024 6:38:48 PM org.openqa.selenium.devtools.CdpVersionFinder findNearestMatch
WARNING: Unable to find an exact match for CDP version 131, returning the closest version; found: 129; Please update to a Selenium version that supports CDP version 131
]]></system-err>
  </testcase>
  <testcase name="searchingAndFiltering" classname="SeleniumPackage1.SeleniumProject1.Amazon_searchandFiltering" time="5.632">
    <system-err><![CDATA[Nov 22, 2024 6:39:04 PM org.openqa.selenium.devtools.CdpVersionFinder findNearestMatch
WARNING: Unable to find an exact match for CDP version 131, returning the closest version; found: 129; Please update to a Selenium version that supports CDP version 131
]]></system-err>
  </testcase>
  <testcase name="searchItem" classname="SeleniumPackage1.SeleniumProject1.Amazon_Search" time="4.665">
    <system-err><![CDATA[Nov 22, 2024 6:39:16 PM org.openqa.selenium.devtools.CdpVersionFinder findNearestMatch
WARNING: Unable to find an exact match for CDP version 131, returning the closest version; found: 129; Please update to a Selenium version that supports CDP version 131
]]></system-err>
  </testcase>
  <testcase name="review_itmes" classname="SeleniumPackage1.SeleniumProject1.Amazon_Review_items" time="21.162">
    <system-err><![CDATA[Nov 22, 2024 6:39:25 PM org.openqa.selenium.devtools.CdpVersionFinder findNearestMatch
WARNING: Unable to find an exact match for CDP version 131, returning the closest version; found: 129; Please update to a Selenium version that supports CDP version 131
]]></system-err>
  </testcase>
  <testcase name="EditProfile" classname="SeleniumPackage1.SeleniumProject1.Amazon_Edit" time="12.648">
    <system-err><![CDATA[Nov 22, 2024 6:39:52 PM org.openqa.selenium.devtools.CdpVersionFinder findNearestMatch
WARNING: Unable to find an exact match for CDP version 131, returning the closest version; found: 129; Please update to a Selenium version that supports CDP version 131
]]></system-err>
  </testcase>
  <testcase name="product_sorted" classname="SeleniumPackage1.SeleniumProject1.Amazon_product_sorted" time="11.008">
    <system-err><![CDATA[Nov 22, 2024 6:40:09 PM org.openqa.selenium.devtools.CdpVersionFinder findNearestMatch
WARNING: Unable to find an exact match for CDP version 131, returning the closest version; found: 129; Please update to a Selenium version that supports CDP version 131
]]></system-err>
  </testcase>
  <testcase name="addProductsToTheCart" classname="SeleniumPackage1.SeleniumProject1.Amazon_addProducts" time="20.689">
    <system-err><![CDATA[Nov 22, 2024 6:40:27 PM org.openqa.selenium.devtools.CdpVersionFinder findNearestMatch
WARNING: Unable to find an exact match for CDP version 131, returning the closest version; found: 129; Please update to a Selenium version that supports CDP version 131
]]></system-err>
  </testcase>
  <testcase name="product_details" classname="SeleniumPackage1.SeleniumProject1.Amazon_product_detail" time="9.627">
    <system-err><![CDATA[Nov 22, 2024 6:40:53 PM org.openqa.selenium.devtools.CdpVersionFinder findNearestMatch
WARNING: Unable to find an exact match for CDP version 131, returning the closest version; found: 129; Please update to a Selenium version that supports CDP version 131
]]></system-err>
  </testcase>
  <testcase name="addingAndRemovingItems" classname="SeleniumPackage1.SeleniumProject1.Amazon_addingAndRemovingItems" time="26.496">
    <system-err><![CDATA[Nov 22, 2024 6:41:08 PM org.openqa.selenium.devtools.CdpVersionFinder findNearestMatch
WARNING: Unable to find an exact match for CDP version 131, returning the closest version; found: 129; Please update to a Selenium version that supports CDP version 131
]]></system-err>
  </testcase>
  <testcase name="couponUse" classname="SeleniumPackage1.SeleniumProject1.Amazon_Coupon" time="16.654">
    <system-err><![CDATA[Nov 22, 2024 6:41:40 PM org.openqa.selenium.devtools.CdpVersionFinder findNearestMatch
WARNING: Unable to find an exact match for CDP version 131, returning the closest version; found: 129; Please update to a Selenium version that supports CDP version 131
]]></system-err>
  </testcase>
  <testcase name="eachpaymentmethods" classname="SeleniumPackage1.SeleniumProject1.EachPaymentmethod" time="16.194">
    <system-err><![CDATA[Nov 22, 2024 6:42:02 PM org.openqa.selenium.devtools.CdpVersionFinder findNearestMatch
WARNING: Unable to find an exact match for CDP version 131, returning the closest version; found: 129; Please update to a Selenium version that supports CDP version 131
]]></system-err>
  </testcase>
  <testcase name="checkoutProcessMethod" classname="SeleniumPackage1.SeleniumProject1.Amazon_CheckoutProcess" time="15.5">
    <system-err><![CDATA[Nov 22, 2024 6:42:24 PM org.openqa.selenium.devtools.CdpVersionFinder findNearestMatch
WARNING: Unable to find an exact match for CDP version 131, returning the closest version; found: 129; Please update to a Selenium version that supports CDP version 131
]]></system-err>
  </testcase>
</testsuite>