<?xml version="1.0" encoding="UTF-8"?>
<testng-results ignored="0" total="1" passed="1" failed="0" skipped="0">
  <reporter-output>
  </reporter-output>
  <suite started-at="2024-11-22T18:09:09 EST" name="Default suite" finished-at="2024-11-22T18:09:34 EST" duration-ms="25202">
    <groups>
    </groups>
    <test started-at="2024-11-22T18:09:09 EST" name="Default test" finished-at="2024-11-22T18:09:34 EST" duration-ms="25202">
      <class name="SeleniumPackage1.SeleniumProject1.Amazon_Edit">
        <test-method is-config="true" signature="launchAmazon()[pri:0, instance:SeleniumPackage1.SeleniumProject1.Amazon_Edit@3febb011]" started-at="2024-11-22T18:09:09 EST" name="launchAmazon" finished-at="2024-11-22T18:09:16 EST" duration-ms="7249" status="PASS">
          <reporter-output>
          </reporter-output>
        </test-method> <!-- launchAmazon -->
        <test-method signature="EditProfile()[pri:0, instance:SeleniumPackage1.SeleniumProject1.Amazon_Edit@3febb011]" started-at="2024-11-22T18:09:16 EST" name="EditProfile" finished-at="2024-11-22T18:09:34 EST" duration-ms="17474" status="PASS">
          <reporter-output>
          </reporter-output>
        </test-method> <!-- EditProfile -->
        <test-method is-config="true" signature="quitWindow()[pri:0, instance:SeleniumPackage1.SeleniumProject1.Amazon_Edit@3febb011]" started-at="2024-11-22T18:09:34 EST" name="quitWindow" finished-at="2024-11-22T18:09:34 EST" duration-ms="428" status="PASS">
          <reporter-output>
          </reporter-output>
        </test-method> <!-- quitWindow -->
      </class> <!-- SeleniumPackage1.SeleniumProject1.Amazon_Edit -->
    </test> <!-- Default test -->
  </suite> <!-- Default suite -->
</testng-results>
